<?xml version="1.0" encoding="UTF-8"?>
<robot generator="Robot 6.1.1 (Python 3.12.1 on win32)" generated="20240111 15:34:01.408" rpa="false" schemaversion="4">
<suite id="s1" name="Scenario1" source="C:\Users\admin\PycharmProjects\pythonProject2\TestSuite\Scenario1.robot">
<test id="s1-t1" name="Step 1: Login to the website" line="7">
<kw name="Open website" library="Keywords">
<kw name="Open Browser" library="SeleniumLibrary">
<arg>${MainUrl}</arg>
<arg>Chrome</arg>
<doc>Opens a new browser instance to the optional ``url``.</doc>
<msg timestamp="20240111 15:34:01.622" level="INFO">Opening browser 'Chrome' to base url 'https://signals:12wDj5SonltD@signals.forge.smile.fr/'.</msg>
<status status="PASS" starttime="20240111 15:34:01.621" endtime="20240111 15:34:05.075"/>
</kw>
<kw name="Maximize Browser Window" library="SeleniumLibrary">
<doc>Maximizes current browser window.</doc>
<status status="PASS" starttime="20240111 15:34:05.075" endtime="20240111 15:34:05.207"/>
</kw>
<status status="PASS" starttime="20240111 15:34:01.621" endtime="20240111 15:34:05.207"/>
</kw>
<kw name="Page Should Contain" library="SeleniumLibrary">
<arg>Nous vous conseillons</arg>
<doc>Verifies that current page contains ``text``.</doc>
<msg timestamp="20240111 15:34:05.227" level="INFO">Current page contains text 'Nous vous conseillons'.</msg>
<status status="PASS" starttime="20240111 15:34:05.208" endtime="20240111 15:34:05.228"/>
</kw>
<kw name="Login On the website" library="Keywords">
<kw name="Click Link" library="SeleniumLibrary">
<arg>${ConnexionBtn}</arg>
<doc>Clicks a link identified by ``locator``.</doc>
<msg timestamp="20240111 15:34:05.229" level="INFO">Clicking link '//div[@class="panel header"]//a[text()="Connexion"]'.</msg>
<status status="PASS" starttime="20240111 15:34:05.228" endtime="20240111 15:34:06.201"/>
</kw>
<kw name="Check Url is" library="Keywords">
<arg>${LoginUrl}</arg>
<kw name="Get Location" library="SeleniumLibrary">
<var>${currenturl}</var>
<doc>Returns the current browser window URL.</doc>
<msg timestamp="20240111 15:34:06.205" level="INFO">${currenturl} = https://signals.forge.smile.fr/customer/account/login/</msg>
<status status="PASS" starttime="20240111 15:34:06.202" endtime="20240111 15:34:06.205"/>
</kw>
<kw name="Should Be Equal" library="BuiltIn">
<arg>${currenturl}</arg>
<arg>${url}</arg>
<doc>Fails if the given objects are unequal.</doc>
<status status="PASS" starttime="20240111 15:34:06.205" endtime="20240111 15:34:06.205"/>
</kw>
<status status="PASS" starttime="20240111 15:34:06.201" endtime="20240111 15:34:06.205"/>
</kw>
<kw name="Wait Until Page Contains Element" library="SeleniumLibrary">
<arg>${CookieBtn}</arg>
<doc>Waits until the element ``locator`` appears on the current page.</doc>
<status status="PASS" starttime="20240111 15:34:06.206" endtime="20240111 15:34:06.217"/>
</kw>
<kw name="Click Element" library="SeleniumLibrary">
<arg>${CookieBtn}</arg>
<doc>Click the element identified by ``locator``.</doc>
<msg timestamp="20240111 15:34:06.217" level="INFO">Clicking element '//div[@id="cookiePolicyBar"]//div[@id="ow_consent_prompt_submit"]'.</msg>
<status status="PASS" starttime="20240111 15:34:06.217" endtime="20240111 15:34:06.299"/>
</kw>
<kw name="Input Text" library="SeleniumLibrary">
<arg>${emailField}</arg>
<arg>${email}</arg>
<doc>Types the given ``text`` into the text field identified by ``locator``.</doc>
<msg timestamp="20240111 15:34:06.299" level="INFO">Typing text 'maleb+test@smile.fr' into text field '//input[@id="email"]'.</msg>
<status status="PASS" starttime="20240111 15:34:06.299" endtime="20240111 15:34:06.401"/>
</kw>
<kw name="Input Text" library="SeleniumLibrary">
<arg>${pwdField}</arg>
<arg>${pwd}</arg>
<doc>Types the given ``text`` into the text field identified by ``locator``.</doc>
<msg timestamp="20240111 15:34:06.402" level="INFO">Typing text 'Smile123$' into text field '//input[@id="pass"]'.</msg>
<status status="PASS" starttime="20240111 15:34:06.401" endtime="20240111 15:34:06.474"/>
</kw>
<kw name="Click Button" library="SeleniumLibrary">
<arg>${LoginButton}</arg>
<doc>Clicks the button identified by ``locator``.</doc>
<msg timestamp="20240111 15:34:06.474" level="INFO">Clicking button '//fieldset//button[@id="send2"]'.</msg>
<status status="PASS" starttime="20240111 15:34:06.474" endtime="20240111 15:34:07.560"/>
</kw>
<status status="PASS" starttime="20240111 15:34:05.228" endtime="20240111 15:34:07.560"/>
</kw>
<kw name="Check Url is" library="Keywords">
<arg>${MyAccountUrl}</arg>
<kw name="Get Location" library="SeleniumLibrary">
<var>${currenturl}</var>
<doc>Returns the current browser window URL.</doc>
<msg timestamp="20240111 15:34:07.586" level="INFO">${currenturl} = https://signals.forge.smile.fr/customer/account/</msg>
<status status="PASS" starttime="20240111 15:34:07.561" endtime="20240111 15:34:07.586"/>
</kw>
<kw name="Should Be Equal" library="BuiltIn">
<arg>${currenturl}</arg>
<arg>${url}</arg>
<doc>Fails if the given objects are unequal.</doc>
<status status="PASS" starttime="20240111 15:34:07.586" endtime="20240111 15:34:07.586"/>
</kw>
<status status="PASS" starttime="20240111 15:34:07.560" endtime="20240111 15:34:07.586"/>
</kw>
<kw name="Go to HP" library="Keywords">
<kw name="Click Image" library="SeleniumLibrary">
<arg>${HPIcon}</arg>
<doc>Clicks an image identified by ``locator``.</doc>
<msg timestamp="20240111 15:34:07.587" level="INFO">Clicking image '//div[2]/header/div[3]/a/img'.</msg>
<status status="PASS" starttime="20240111 15:34:07.587" endtime="20240111 15:34:08.319"/>
</kw>
<status status="PASS" starttime="20240111 15:34:07.587" endtime="20240111 15:34:08.319"/>
</kw>
<tag>Login</tag>
<status status="PASS" starttime="20240111 15:34:01.620" endtime="20240111 15:34:08.319"/>
</test>
<test id="s1-t2" name="Step 2: Add product to cart" line="15">
<kw name="Add products to the cart" library="Keywords">
<kw name="Click Image" library="SeleniumLibrary">
<arg>${PDPFromHP}</arg>
<doc>Clicks an image identified by ``locator``.</doc>
<msg timestamp="20240111 15:34:08.321" level="INFO">Clicking image '//div[@class="block-content content"]//img[@alt="Kit Enrouleur + support + récepteur Signals EasyExtend®"]'.</msg>
<status status="PASS" starttime="20240111 15:34:08.320" endtime="20240111 15:34:09.066"/>
</kw>
<kw name="Click Button" library="SeleniumLibrary">
<arg>${AddToCartButtonOnPdp}</arg>
<doc>Clicks the button identified by ``locator``.</doc>
<msg timestamp="20240111 15:34:09.067" level="INFO">Clicking button '//button[@id="product-addtocart-button"]'.</msg>
<status status="PASS" starttime="20240111 15:34:09.066" endtime="20240111 15:34:09.293"/>
</kw>
<kw name="Click Element" library="SeleniumLibrary">
<arg>${MyCartButton}</arg>
<doc>Click the element identified by ``locator``.</doc>
<msg timestamp="20240111 15:34:09.293" level="INFO">Clicking element '//div[@class="minicart-wrapper"]//a[@class="action showcart"]'.</msg>
<status status="PASS" starttime="20240111 15:34:09.293" endtime="20240111 15:34:09.354"/>
</kw>
<kw name="Click Element" library="SeleniumLibrary">
<arg>${GoToCartPopinButton}</arg>
<doc>Click the element identified by ``locator``.</doc>
<msg timestamp="20240111 15:34:09.354" level="INFO">Clicking element '//div[@class="actions"]//a[@class="action primary checkout"]'.</msg>
<status status="PASS" starttime="20240111 15:34:09.354" endtime="20240111 15:34:10.310"/>
</kw>
<kw name="Wait Until Page Contains Element" library="SeleniumLibrary">
<arg>${SetProductQuantity}</arg>
<doc>Waits until the element ``locator`` appears on the current page.</doc>
<status status="PASS" starttime="20240111 15:34:10.310" endtime="20240111 15:34:10.354"/>
</kw>
<status status="PASS" starttime="20240111 15:34:08.319" endtime="20240111 15:34:10.356"/>
</kw>
<kw name="Page Should Contain" library="SeleniumLibrary">
<arg>Kit Enrouleur + support + récepteur Signals EasyExtend®</arg>
<doc>Verifies that current page contains ``text``.</doc>
<msg timestamp="20240111 15:34:10.398" level="INFO">Current page contains text 'Kit Enrouleur + support + récepteur Signals EasyExtend®'.</msg>
<status status="PASS" starttime="20240111 15:34:10.356" endtime="20240111 15:34:10.398"/>
</kw>
<tag>Product</tag>
<status status="PASS" starttime="20240111 15:34:08.319" endtime="20240111 15:34:10.399"/>
</test>
<test id="s1-t3" name="Step 3: Checkout" line="20">
<kw name="Page 1 Livration" library="Keywords">
<kw name="Input Text" library="SeleniumLibrary">
<arg>${SetProductQuantity}</arg>
<arg>${ProductQuantity}</arg>
<doc>Types the given ``text`` into the text field identified by ``locator``.</doc>
<msg timestamp="20240111 15:34:10.401" level="INFO">Typing text '1' into text field '//div[@class='control qty']//input[@title='Qté']'.</msg>
<status status="PASS" starttime="20240111 15:34:10.400" endtime="20240111 15:34:10.503"/>
</kw>
<kw name="Click Button" library="SeleniumLibrary">
<arg>${UpdateCart}</arg>
<doc>Clicks the button identified by ``locator``.</doc>
<msg timestamp="20240111 15:34:10.504" level="INFO">Clicking button '//div[@class='cart main actions']//button[@name='update_cart_action']'.</msg>
<status status="PASS" starttime="20240111 15:34:10.503" endtime="20240111 15:34:12.188"/>
</kw>
<kw name="Click Element" library="SeleniumLibrary">
<arg>${COnfirmCart}</arg>
<doc>Click the element identified by ``locator``.</doc>
<msg timestamp="20240111 15:34:12.189" level="INFO">Clicking element '//*[@id="maincontent"]/div[3]/div/div[5]/div/ul/li[1]/button'.</msg>
<status status="PASS" starttime="20240111 15:34:12.189" endtime="20240111 15:34:13.744"/>
</kw>
<kw name="Sleep" library="BuiltIn">
<arg>2s</arg>
<doc>Pauses the test executed for the given time.</doc>
<msg timestamp="20240111 15:34:15.745" level="INFO">Slept 2 seconds</msg>
<status status="PASS" starttime="20240111 15:34:13.744" endtime="20240111 15:34:15.745"/>
</kw>
<kw name="Check Url is" library="Keywords">
<arg>${CheckoutLivrationPage1}</arg>
<kw name="Get Location" library="SeleniumLibrary">
<var>${currenturl}</var>
<doc>Returns the current browser window URL.</doc>
<msg timestamp="20240111 15:34:15.755" level="INFO">${currenturl} = https://signals.forge.smile.fr/checkout/#shipping</msg>
<status status="PASS" starttime="20240111 15:34:15.746" endtime="20240111 15:34:15.755"/>
</kw>
<kw name="Should Be Equal" library="BuiltIn">
<arg>${currenturl}</arg>
<arg>${url}</arg>
<doc>Fails if the given objects are unequal.</doc>
<status status="PASS" starttime="20240111 15:34:15.755" endtime="20240111 15:34:15.755"/>
</kw>
<status status="PASS" starttime="20240111 15:34:15.745" endtime="20240111 15:34:15.756"/>
</kw>
<kw name="Wait Until Page Contains Element" library="SeleniumLibrary">
<arg>${SubmitButtonPage1}</arg>
<doc>Waits until the element ``locator`` appears on the current page.</doc>
<status status="PASS" starttime="20240111 15:34:15.756" endtime="20240111 15:34:15.780"/>
</kw>
<kw name="Click Button" library="SeleniumLibrary">
<arg>${SubmitButtonPage1}</arg>
<doc>Clicks the button identified by ``locator``.</doc>
<msg timestamp="20240111 15:34:15.781" level="INFO">Clicking button '//div[@id="shipping-method-buttons-container"]//button[@type="submit"]'.</msg>
<status status="PASS" starttime="20240111 15:34:15.780" endtime="20240111 15:34:15.858"/>
</kw>
<kw name="Sleep" library="BuiltIn">
<arg>2s</arg>
<doc>Pauses the test executed for the given time.</doc>
<msg timestamp="20240111 15:34:17.859" level="INFO">Slept 2 seconds</msg>
<status status="PASS" starttime="20240111 15:34:15.858" endtime="20240111 15:34:17.859"/>
</kw>
<kw name="Check Url is" library="Keywords">
<arg>${CheckoutPaymentPage2}</arg>
<kw name="Get Location" library="SeleniumLibrary">
<var>${currenturl}</var>
<doc>Returns the current browser window URL.</doc>
<msg timestamp="20240111 15:34:17.868" level="INFO">${currenturl} = https://signals.forge.smile.fr/checkout/#payment</msg>
<status status="PASS" starttime="20240111 15:34:17.859" endtime="20240111 15:34:17.868"/>
</kw>
<kw name="Should Be Equal" library="BuiltIn">
<arg>${currenturl}</arg>
<arg>${url}</arg>
<doc>Fails if the given objects are unequal.</doc>
<status status="PASS" starttime="20240111 15:34:17.868" endtime="20240111 15:34:17.869"/>
</kw>
<status status="PASS" starttime="20240111 15:34:17.859" endtime="20240111 15:34:17.869"/>
</kw>
<status status="PASS" starttime="20240111 15:34:10.400" endtime="20240111 15:34:17.869"/>
</kw>
<kw name="Page 2 Payment" library="Keywords">
<kw name="Scroll Element Into View" library="SeleniumLibrary">
<arg>${SubmitButtonPage2}</arg>
<doc>Scrolls the element identified by ``locator`` into view.</doc>
<status status="PASS" starttime="20240111 15:34:17.871" endtime="20240111 15:34:18.174"/>
</kw>
<kw name="Click Button" library="SeleniumLibrary">
<arg>${SubmitButtonPage2}</arg>
<doc>Clicks the button identified by ``locator``.</doc>
<msg timestamp="20240111 15:34:18.175" level="INFO">Clicking button '//div[@class="actions-toolbar"]//button[@data-bind="click: savePayment"]'.</msg>
<status status="PASS" starttime="20240111 15:34:18.174" endtime="20240111 15:34:18.263"/>
</kw>
<kw name="Sleep" library="BuiltIn">
<arg>2s</arg>
<doc>Pauses the test executed for the given time.</doc>
<msg timestamp="20240111 15:34:20.264" level="INFO">Slept 2 seconds</msg>
<status status="PASS" starttime="20240111 15:34:18.263" endtime="20240111 15:34:20.264"/>
</kw>
<kw name="Check Url is" library="Keywords">
<arg>${CheckoutConfirmationPage3}</arg>
<kw name="Get Location" library="SeleniumLibrary">
<var>${currenturl}</var>
<doc>Returns the current browser window URL.</doc>
<msg timestamp="20240111 15:34:20.272" level="INFO">${currenturl} = https://signals.forge.smile.fr/checkout/#confirmation</msg>
<status status="PASS" starttime="20240111 15:34:20.265" endtime="20240111 15:34:20.272"/>
</kw>
<kw name="Should Be Equal" library="BuiltIn">
<arg>${currenturl}</arg>
<arg>${url}</arg>
<doc>Fails if the given objects are unequal.</doc>
<status status="PASS" starttime="20240111 15:34:20.273" endtime="20240111 15:34:20.273"/>
</kw>
<status status="PASS" starttime="20240111 15:34:20.264" endtime="20240111 15:34:20.273"/>
</kw>
<status status="PASS" starttime="20240111 15:34:17.870" endtime="20240111 15:34:20.273"/>
</kw>
<kw name="Page 3 Confirmation" library="Keywords">
<kw name="Select Checkbox" library="SeleniumLibrary">
<arg>${Checkbox}</arg>
<doc>Selects the checkbox identified by ``locator``.</doc>
<msg timestamp="20240111 15:34:20.275" level="INFO">Selecting checkbox '//div[@class='checkout-agreement field choice required']//input[@type="checkbox"]'.</msg>
<status status="PASS" starttime="20240111 15:34:20.274" endtime="20240111 15:34:20.381"/>
</kw>
<kw name="Click Button" library="SeleniumLibrary">
<arg>${SubmitButtonPage3}</arg>
<doc>Clicks the button identified by ``locator``.</doc>
<msg timestamp="20240111 15:34:20.382" level="INFO">Clicking button '//div[@class='primary']//button[@data-bind="click: placeOrder"]'.</msg>
<status status="PASS" starttime="20240111 15:34:20.381" endtime="20240111 15:34:20.448"/>
</kw>
<kw name="Sleep" library="BuiltIn">
<arg>2s</arg>
<doc>Pauses the test executed for the given time.</doc>
<msg timestamp="20240111 15:34:22.449" level="INFO">Slept 2 seconds</msg>
<status status="PASS" starttime="20240111 15:34:20.448" endtime="20240111 15:34:22.449"/>
</kw>
<kw name="Check Url is" library="Keywords">
<arg>${CheckoutSuccessPage4}</arg>
<kw name="Get Location" library="SeleniumLibrary">
<var>${currenturl}</var>
<doc>Returns the current browser window URL.</doc>
<msg timestamp="20240111 15:34:22.460" level="INFO">${currenturl} = https://signals.forge.smile.fr/checkout/onepage/success/</msg>
<status status="PASS" starttime="20240111 15:34:22.449" endtime="20240111 15:34:22.460"/>
</kw>
<kw name="Should Be Equal" library="BuiltIn">
<arg>${currenturl}</arg>
<arg>${url}</arg>
<doc>Fails if the given objects are unequal.</doc>
<status status="PASS" starttime="20240111 15:34:22.460" endtime="20240111 15:34:22.461"/>
</kw>
<status status="PASS" starttime="20240111 15:34:22.449" endtime="20240111 15:34:22.461"/>
</kw>
<status status="PASS" starttime="20240111 15:34:20.274" endtime="20240111 15:34:22.461"/>
</kw>
<kw name="Sleep" library="BuiltIn">
<arg>5s</arg>
<doc>Pauses the test executed for the given time.</doc>
<msg timestamp="20240111 15:34:27.462" level="INFO">Slept 5 seconds</msg>
<status status="PASS" starttime="20240111 15:34:22.462" endtime="20240111 15:34:27.462"/>
</kw>
<tag>Checkout</tag>
<status status="PASS" starttime="20240111 15:34:10.400" endtime="20240111 15:34:27.464"/>
</test>
<doc>Keyword to take a screen and add it to comparison folder</doc>
<status status="PASS" starttime="20240111 15:34:01.409" endtime="20240111 15:34:27.466"/>
</suite>
<statistics>
<total>
<stat pass="3" fail="0" skip="0">All Tests</stat>
</total>
<tag>
<stat pass="1" fail="0" skip="0">Checkout</stat>
<stat pass="1" fail="0" skip="0">Login</stat>
<stat pass="1" fail="0" skip="0">Product</stat>
</tag>
<suite>
<stat pass="3" fail="0" skip="0" id="s1" name="Scenario1">Scenario1</stat>
</suite>
</statistics>
<errors>
</errors>
</robot>
