<?xml version="1.0" encoding="UTF-8"?>
<robot generator="Robot 6.1.1 (Python 3.12.1 on win32)" generated="20240128 16:53:31.174" rpa="false" schemaversion="4">
<suite id="s1" name="Scenariovolfes1" source="C:\Users\admin\PycharmProjects\pythonProject2\tests\Scenariovolfes1.robot">
<kw name="Open website and Accept cookie" library="Common" type="SETUP">
<kw name="Open Browser" library="SeleniumLibrary">
<arg>${MainUrl}</arg>
<arg>${Browser}</arg>
<doc>Opens a new browser instance to the optional ``url``.</doc>
<msg timestamp="20240128 16:53:31.644" level="INFO">Opening browser 'Chrome' to base url 'https://signals:12wDj5SonltD@signals.forge.smile.fr/'.</msg>
<status status="PASS" starttime="20240128 16:53:31.643" endtime="20240128 16:53:37.651"/>
</kw>
<kw name="Maximize Browser Window" library="SeleniumLibrary">
<doc>Maximizes current browser window.</doc>
<status status="PASS" starttime="20240128 16:53:37.651" endtime="20240128 16:53:37.940"/>
</kw>
<kw name="Set Selenium Speed" library="SeleniumLibrary">
<arg>.2s</arg>
<doc>Sets the delay that is waited after each Selenium command.</doc>
<status status="PASS" starttime="20240128 16:53:37.940" endtime="20240128 16:53:37.940"/>
</kw>
<kw name="Set Selenium Timeout" library="SeleniumLibrary">
<arg>10s</arg>
<doc>Sets the timeout that is used by various keywords.</doc>
<status status="PASS" starttime="20240128 16:53:37.941" endtime="20240128 16:53:38.143"/>
</kw>
<kw name="Page Should Contain" library="SeleniumLibrary">
<arg>Nous vous conseillons</arg>
<doc>Verifies that current page contains ``text``.</doc>
<msg timestamp="20240128 16:53:38.578" level="INFO">Current page contains text 'Nous vous conseillons'.</msg>
<status status="PASS" starttime="20240128 16:53:38.143" endtime="20240128 16:53:38.578"/>
</kw>
<kw name="Wait Until Page Contains Element" library="SeleniumLibrary">
<arg>${CookieBtn}</arg>
<doc>Waits until the element ``locator`` appears on the current page.</doc>
<status status="PASS" starttime="20240128 16:53:38.578" endtime="20240128 16:53:38.795"/>
</kw>
<kw name="Click Element" library="SeleniumLibrary">
<arg>${CookieBtn}</arg>
<doc>Click the element identified by ``locator``.</doc>
<msg timestamp="20240128 16:53:38.796" level="INFO">Clicking element '//div[@id="cookiePolicyBar"]//div[@id="ow_consent_prompt_submit"]'.</msg>
<status status="PASS" starttime="20240128 16:53:38.795" endtime="20240128 16:53:39.273"/>
</kw>
<status status="PASS" starttime="20240128 16:53:31.643" endtime="20240128 16:53:39.273"/>
</kw>
<test id="s1-t1" name="Step 1: Login to the website" line="24">
<kw name="Go To Login Page" library="Login">
<kw name="Click Link" library="SeleniumLibrary">
<arg>${ConnexionBtn}</arg>
<doc>Clicks a link identified by ``locator``.</doc>
<msg timestamp="20240128 16:53:39.276" level="INFO">Clicking link '//div[@class="panel header"]//a[text()="Connexion"]'.</msg>
<status status="PASS" starttime="20240128 16:53:39.275" endtime="20240128 16:53:40.852"/>
</kw>
<kw name="Check Url is" library="Common">
<arg>${LoginUrl}</arg>
<kw name="Get Location" library="SeleniumLibrary">
<var>${currenturl}</var>
<doc>Returns the current browser window URL.</doc>
<msg timestamp="20240128 16:53:41.061" level="INFO">${currenturl} = https://signals.forge.smile.fr/customer/account/login/</msg>
<status status="PASS" starttime="20240128 16:53:40.852" endtime="20240128 16:53:41.061"/>
</kw>
<kw name="Should Be Equal" library="BuiltIn">
<arg>${currenturl}</arg>
<arg>${url}</arg>
<doc>Fails if the given objects are unequal.</doc>
<status status="PASS" starttime="20240128 16:53:41.062" endtime="20240128 16:53:41.063"/>
</kw>
<status status="PASS" starttime="20240128 16:53:40.852" endtime="20240128 16:53:41.063"/>
</kw>
<status status="PASS" starttime="20240128 16:53:39.275" endtime="20240128 16:53:41.063"/>
</kw>
<kw name="Login With Valid Credentials" library="Login">
<kw name="Input Text" library="SeleniumLibrary">
<arg>${emailField}</arg>
<arg>${email}</arg>
<doc>Types the given ``text`` into the text field identified by ``locator``.</doc>
<msg timestamp="20240128 16:53:41.069" level="INFO">Typing text 'maleb+test@smile.fr' into text field '//input[@id="email"]'.</msg>
<status status="PASS" starttime="20240128 16:53:41.066" endtime="20240128 16:53:41.853"/>
</kw>
<kw name="Input Text" library="SeleniumLibrary">
<arg>${pwdField}</arg>
<arg>${pwd}</arg>
<doc>Types the given ``text`` into the text field identified by ``locator``.</doc>
<msg timestamp="20240128 16:53:41.855" level="INFO">Typing text 'Smile123$' into text field '//input[@id="pass"]'.</msg>
<status status="PASS" starttime="20240128 16:53:41.853" endtime="20240128 16:53:42.602"/>
</kw>
<kw name="Click Button" library="SeleniumLibrary">
<arg>${LoginButton}</arg>
<doc>Clicks the button identified by ``locator``.</doc>
<msg timestamp="20240128 16:53:42.604" level="INFO">Clicking button '//fieldset//button[@id="send2"]'.</msg>
<status status="PASS" starttime="20240128 16:53:42.602" endtime="20240128 16:53:45.004"/>
</kw>
<status status="PASS" starttime="20240128 16:53:41.065" endtime="20240128 16:53:45.004"/>
</kw>
<kw name="Verify Page Url" library="Login">
<kw name="Check Url" library="MyAccount">
<kw name="Check Url is" library="Common">
<arg>${MyAccountUrl}</arg>
<kw name="Get Location" library="SeleniumLibrary">
<var>${currenturl}</var>
<doc>Returns the current browser window URL.</doc>
<msg timestamp="20240128 16:53:45.216" level="INFO">${currenturl} = https://signals.forge.smile.fr/customer/account/</msg>
<status status="PASS" starttime="20240128 16:53:45.005" endtime="20240128 16:53:45.216"/>
</kw>
<kw name="Should Be Equal" library="BuiltIn">
<arg>${currenturl}</arg>
<arg>${url}</arg>
<doc>Fails if the given objects are unequal.</doc>
<status status="PASS" starttime="20240128 16:53:45.217" endtime="20240128 16:53:45.219"/>
</kw>
<status status="PASS" starttime="20240128 16:53:45.005" endtime="20240128 16:53:45.219"/>
</kw>
<status status="PASS" starttime="20240128 16:53:45.004" endtime="20240128 16:53:45.220"/>
</kw>
<status status="PASS" starttime="20240128 16:53:45.004" endtime="20240128 16:53:45.220"/>
</kw>
<kw name="Go to HP" library="HeaderAndFooter">
<kw name="Click Image" library="SeleniumLibrary">
<arg>${HPIcon}</arg>
<doc>Clicks an image identified by ``locator``.</doc>
<msg timestamp="20240128 16:53:45.224" level="INFO">Clicking image '//div[2]/header/div[3]/a/img'.</msg>
<status status="PASS" starttime="20240128 16:53:45.222" endtime="20240128 16:53:46.767"/>
</kw>
<status status="PASS" starttime="20240128 16:53:45.221" endtime="20240128 16:53:46.767"/>
</kw>
<tag>Login</tag>
<tag>Smoke</tag>
<status status="PASS" starttime="20240128 16:53:39.273" endtime="20240128 16:53:46.768"/>
</test>
<test id="s1-t2" name="Step 2: Add product to cart" line="32">
<kw name="Add products to the cart from HP1" library="ScenarioVolFesApp">
<kw name="Open product1" library="HP">
<kw name="Click Image" library="SeleniumLibrary">
<arg>${PDPFromHP1}</arg>
<doc>Clicks an image identified by ``locator``.</doc>
<msg timestamp="20240128 16:53:46.774" level="INFO">Clicking image '//div[@class="block-content content"]//img[@alt="Kit Enrouleur + support + récepteur Signals EasyExtend®"]'.</msg>
<status status="PASS" starttime="20240128 16:53:46.773" endtime="20240128 16:53:48.561"/>
</kw>
<status status="PASS" starttime="20240128 16:53:46.772" endtime="20240128 16:53:48.561"/>
</kw>
<kw name="Add to cart" library="PDP">
<kw name="Click Button" library="SeleniumLibrary">
<arg>${AddToCartButtonOnPdp}</arg>
<doc>Clicks the button identified by ``locator``.</doc>
<msg timestamp="20240128 16:53:48.565" level="INFO">Clicking button '//button[@id="product-addtocart-button"]'.</msg>
<status status="PASS" starttime="20240128 16:53:48.563" endtime="20240128 16:53:49.729"/>
</kw>
<kw name="Go To" library="SeleniumLibrary">
<arg>${MainUrl}</arg>
<doc>Navigates the current browser window to the provided ``url``.</doc>
<msg timestamp="20240128 16:53:49.729" level="INFO">Opening url 'https://signals:12wDj5SonltD@signals.forge.smile.fr/'</msg>
<status status="PASS" starttime="20240128 16:53:49.729" endtime="20240128 16:53:50.765"/>
</kw>
<status status="PASS" starttime="20240128 16:53:48.562" endtime="20240128 16:53:50.765"/>
</kw>
<status status="PASS" starttime="20240128 16:53:46.771" endtime="20240128 16:53:50.765"/>
</kw>
<kw name="Add products to the cart from HP2" library="ScenarioVolFesApp">
<kw name="Open product2" library="HP">
<kw name="Click Image" library="SeleniumLibrary">
<arg>${PDPFromHP2}</arg>
<doc>Clicks an image identified by ``locator``.</doc>
<msg timestamp="20240128 16:53:50.768" level="INFO">Clicking image '//div[@class="block-content content"]//img[@alt="Enrobé Résine Haute Performance 25 kg"]'.</msg>
<status status="PASS" starttime="20240128 16:53:50.767" endtime="20240128 16:53:52.371"/>
</kw>
<status status="PASS" starttime="20240128 16:53:50.767" endtime="20240128 16:53:52.371"/>
</kw>
<kw name="Add to cart" library="PDP">
<kw name="Click Button" library="SeleniumLibrary">
<arg>${AddToCartButtonOnPdp}</arg>
<doc>Clicks the button identified by ``locator``.</doc>
<msg timestamp="20240128 16:53:52.371" level="INFO">Clicking button '//button[@id="product-addtocart-button"]'.</msg>
<status status="PASS" starttime="20240128 16:53:52.371" endtime="20240128 16:53:53.479"/>
</kw>
<kw name="Go To" library="SeleniumLibrary">
<arg>${MainUrl}</arg>
<doc>Navigates the current browser window to the provided ``url``.</doc>
<msg timestamp="20240128 16:53:53.479" level="INFO">Opening url 'https://signals:12wDj5SonltD@signals.forge.smile.fr/'</msg>
<status status="PASS" starttime="20240128 16:53:53.479" endtime="20240128 16:53:54.671"/>
</kw>
<status status="PASS" starttime="20240128 16:53:52.371" endtime="20240128 16:53:54.671"/>
</kw>
<status status="PASS" starttime="20240128 16:53:50.766" endtime="20240128 16:53:54.671"/>
</kw>
<kw name="Open cart throught &quot;My Cart&quot; Popin in header" library="HeaderAndFooter">
<kw name="Open My Cart" library="HeaderAndFooter">
<kw name="Click Element" library="SeleniumLibrary">
<arg>${MyCartButton}</arg>
<doc>Click the element identified by ``locator``.</doc>
<msg timestamp="20240128 16:53:54.675" level="INFO">Clicking element '//div[@class="minicart-wrapper"]//a[@class="action showcart"]'.</msg>
<status status="PASS" starttime="20240128 16:53:54.674" endtime="20240128 16:53:55.219"/>
</kw>
<status status="PASS" starttime="20240128 16:53:54.673" endtime="20240128 16:53:55.219"/>
</kw>
<kw name="Go to cart CTA on Popin" library="HeaderAndFooter">
<kw name="Click Element" library="SeleniumLibrary">
<arg>${GoToCartPopinButton}</arg>
<doc>Click the element identified by ``locator``.</doc>
<msg timestamp="20240128 16:53:55.219" level="INFO">Clicking element '//div[@class="actions"]//a[@class="action primary checkout"]'.</msg>
<status status="PASS" starttime="20240128 16:53:55.219" endtime="20240128 16:53:57.823"/>
</kw>
<status status="PASS" starttime="20240128 16:53:55.219" endtime="20240128 16:53:57.823"/>
</kw>
<status status="PASS" starttime="20240128 16:53:54.672" endtime="20240128 16:53:57.823"/>
</kw>
<kw name="Verify Product in the cart" library="Cart">
<kw name="Page Should Contain" library="SeleniumLibrary">
<arg>Kit Enrouleur + support + récepteur Signals EasyExtend®</arg>
<doc>Verifies that current page contains ``text``.</doc>
<msg timestamp="20240128 16:53:58.260" level="INFO">Current page contains text 'Kit Enrouleur + support + récepteur Signals EasyExtend®'.</msg>
<status status="PASS" starttime="20240128 16:53:57.824" endtime="20240128 16:53:58.261"/>
</kw>
<status status="PASS" starttime="20240128 16:53:57.823" endtime="20240128 16:53:58.261"/>
</kw>
<kw name="Set quantity of product" library="Cart">
<kw name="Set quantity of product - one" library="Cart">
<kw name="Wait Until Page Contains Element" library="SeleniumLibrary">
<arg>${SetProductQuantity}</arg>
<doc>Waits until the element ``locator`` appears on the current page.</doc>
<status status="PASS" starttime="20240128 16:53:58.264" endtime="20240128 16:53:58.491"/>
</kw>
<kw name="Input Text" library="SeleniumLibrary">
<arg>${SetProductQuantity}</arg>
<arg>${ProductQuantity}</arg>
<doc>Types the given ``text`` into the text field identified by ``locator``.</doc>
<msg timestamp="20240128 16:53:58.493" level="INFO">Typing text '5' into text field '//div[@class='control qty']//input[@title='Qté']'.</msg>
<status status="PASS" starttime="20240128 16:53:58.491" endtime="20240128 16:53:59.224"/>
</kw>
<kw name="Click Button" library="SeleniumLibrary">
<arg>${UpdateCart}</arg>
<doc>Clicks the button identified by ``locator``.</doc>
<msg timestamp="20240128 16:53:59.224" level="INFO">Clicking button '//div[@class='cart main actions']//button[@name='update_cart_action']'.</msg>
<status status="PASS" starttime="20240128 16:53:59.224" endtime="20240128 16:54:01.356"/>
</kw>
<status status="PASS" starttime="20240128 16:53:58.263" endtime="20240128 16:54:01.356"/>
</kw>
<status status="PASS" starttime="20240128 16:53:58.261" endtime="20240128 16:54:01.356"/>
</kw>
<tag>Product</tag>
<tag>Smoke</tag>
<status status="PASS" starttime="20240128 16:53:46.770" endtime="20240128 16:54:01.357"/>
</test>
<test id="s1-t3" name="Step 3: Checkout" line="40">
<kw name="Go from Cart to Checkout" library="Checkout">
<kw name="Click Element" library="SeleniumLibrary">
<arg>${COnfirmCart}</arg>
<doc>Click the element identified by ``locator``.</doc>
<msg timestamp="20240128 16:54:01.359" level="INFO">Clicking element '//*[@id="maincontent"]/div[3]/div/div[5]/div/ul/li[1]/button'.</msg>
<status status="PASS" starttime="20240128 16:54:01.358" endtime="20240128 16:54:03.522"/>
</kw>
<kw name="Sleep" library="BuiltIn">
<arg>2s</arg>
<doc>Pauses the test executed for the given time.</doc>
<msg timestamp="20240128 16:54:05.523" level="INFO">Slept 2 seconds</msg>
<status status="PASS" starttime="20240128 16:54:03.522" endtime="20240128 16:54:05.523"/>
</kw>
<kw name="Check Url is" library="Common">
<arg>${CheckoutLivrationPage1}</arg>
<kw name="Get Location" library="SeleniumLibrary">
<var>${currenturl}</var>
<doc>Returns the current browser window URL.</doc>
<msg timestamp="20240128 16:54:05.732" level="INFO">${currenturl} = https://signals.forge.smile.fr/checkout/#shipping</msg>
<status status="PASS" starttime="20240128 16:54:05.524" endtime="20240128 16:54:05.732"/>
</kw>
<kw name="Should Be Equal" library="BuiltIn">
<arg>${currenturl}</arg>
<arg>${url}</arg>
<doc>Fails if the given objects are unequal.</doc>
<status status="PASS" starttime="20240128 16:54:05.733" endtime="20240128 16:54:05.734"/>
</kw>
<status status="PASS" starttime="20240128 16:54:05.523" endtime="20240128 16:54:05.734"/>
</kw>
<status status="PASS" starttime="20240128 16:54:01.358" endtime="20240128 16:54:05.734"/>
</kw>
<kw name="Page 1 Livration (adress already exist)" library="Checkout">
<kw name="Wait Until Page Contains Element" library="SeleniumLibrary">
<arg>${SubmitButtonPage1}</arg>
<doc>Waits until the element ``locator`` appears on the current page.</doc>
<status status="PASS" starttime="20240128 16:54:05.737" endtime="20240128 16:54:05.963"/>
</kw>
<kw name="Click Button" library="SeleniumLibrary">
<arg>${SubmitButtonPage1}</arg>
<doc>Clicks the button identified by ``locator``.</doc>
<msg timestamp="20240128 16:54:05.963" level="INFO">Clicking button '//div[@id="shipping-method-buttons-container"]//button[@type="submit"]'.</msg>
<status status="PASS" starttime="20240128 16:54:05.963" endtime="20240128 16:54:07.069"/>
</kw>
<kw name="Sleep" library="BuiltIn">
<arg>2s</arg>
<doc>Pauses the test executed for the given time.</doc>
<msg timestamp="20240128 16:54:09.069" level="INFO">Slept 2 seconds</msg>
<status status="PASS" starttime="20240128 16:54:07.069" endtime="20240128 16:54:09.069"/>
</kw>
<kw name="Check Url is" library="Common">
<arg>${CheckoutPaymentPage2}</arg>
<kw name="Get Location" library="SeleniumLibrary">
<var>${currenturl}</var>
<doc>Returns the current browser window URL.</doc>
<msg timestamp="20240128 16:54:09.287" level="INFO">${currenturl} = https://signals.forge.smile.fr/checkout/#payment</msg>
<status status="PASS" starttime="20240128 16:54:09.071" endtime="20240128 16:54:09.287"/>
</kw>
<kw name="Should Be Equal" library="BuiltIn">
<arg>${currenturl}</arg>
<arg>${url}</arg>
<doc>Fails if the given objects are unequal.</doc>
<status status="PASS" starttime="20240128 16:54:09.287" endtime="20240128 16:54:09.288"/>
</kw>
<status status="PASS" starttime="20240128 16:54:09.070" endtime="20240128 16:54:09.289"/>
</kw>
<status status="PASS" starttime="20240128 16:54:05.735" endtime="20240128 16:54:09.289"/>
</kw>
<kw name="Page 2 Payment" library="Checkout">
<kw name="Scroll Element Into View" library="SeleniumLibrary">
<arg>${SubmitButtonPage2}</arg>
<doc>Scrolls the element identified by ``locator`` into view.</doc>
<status status="PASS" starttime="20240128 16:54:09.290" endtime="20240128 16:54:10.021"/>
</kw>
<kw name="Click Button" library="SeleniumLibrary">
<arg>${SubmitButtonPage2}</arg>
<doc>Clicks the button identified by ``locator``.</doc>
<msg timestamp="20240128 16:54:10.023" level="INFO">Clicking button '//div[@class="actions-toolbar"]//button[@data-bind="click: savePayment"]'.</msg>
<status status="PASS" starttime="20240128 16:54:10.021" endtime="20240128 16:54:11.146"/>
</kw>
<kw name="Sleep" library="BuiltIn">
<arg>2s</arg>
<doc>Pauses the test executed for the given time.</doc>
<msg timestamp="20240128 16:54:13.147" level="INFO">Slept 2 seconds</msg>
<status status="PASS" starttime="20240128 16:54:11.147" endtime="20240128 16:54:13.147"/>
</kw>
<kw name="Check Url is" library="Common">
<arg>${CheckoutConfirmationPage3}</arg>
<kw name="Get Location" library="SeleniumLibrary">
<var>${currenturl}</var>
<doc>Returns the current browser window URL.</doc>
<msg timestamp="20240128 16:54:13.358" level="INFO">${currenturl} = https://signals.forge.smile.fr/checkout/#confirmation</msg>
<status status="PASS" starttime="20240128 16:54:13.148" endtime="20240128 16:54:13.358"/>
</kw>
<kw name="Should Be Equal" library="BuiltIn">
<arg>${currenturl}</arg>
<arg>${url}</arg>
<doc>Fails if the given objects are unequal.</doc>
<status status="PASS" starttime="20240128 16:54:13.358" endtime="20240128 16:54:13.359"/>
</kw>
<status status="PASS" starttime="20240128 16:54:13.147" endtime="20240128 16:54:13.359"/>
</kw>
<status status="PASS" starttime="20240128 16:54:09.289" endtime="20240128 16:54:13.359"/>
</kw>
<kw name="Page 3 Confirmation" library="Checkout">
<kw name="Select Checkbox" library="SeleniumLibrary">
<arg>${Checkbox}</arg>
<doc>Selects the checkbox identified by ``locator``.</doc>
<msg timestamp="20240128 16:54:13.360" level="INFO">Selecting checkbox '//div[@class='checkout-agreement field choice required']//input[@type="checkbox"]'.</msg>
<status status="PASS" starttime="20240128 16:54:13.360" endtime="20240128 16:54:14.580"/>
</kw>
<kw name="Click Button" library="SeleniumLibrary">
<arg>${SubmitButtonPage3}</arg>
<doc>Clicks the button identified by ``locator``.</doc>
<msg timestamp="20240128 16:54:14.583" level="INFO">Clicking button '//div[@class='primary']//button[@data-bind="click: placeOrder"]'.</msg>
<status status="PASS" starttime="20240128 16:54:14.581" endtime="20240128 16:54:15.730"/>
</kw>
<kw name="Sleep" library="BuiltIn">
<arg>2s</arg>
<doc>Pauses the test executed for the given time.</doc>
<msg timestamp="20240128 16:54:17.732" level="INFO">Slept 2 seconds</msg>
<status status="PASS" starttime="20240128 16:54:15.730" endtime="20240128 16:54:17.732"/>
</kw>
<status status="PASS" starttime="20240128 16:54:13.359" endtime="20240128 16:54:17.732"/>
</kw>
<kw name="Verify Success page" library="Checkout">
<kw name="Check Url is" library="Common">
<arg>${CheckoutSuccessPage4}</arg>
<kw name="Get Location" library="SeleniumLibrary">
<var>${currenturl}</var>
<doc>Returns the current browser window URL.</doc>
<msg timestamp="20240128 16:54:17.999" level="INFO">${currenturl} = https://signals.forge.smile.fr/checkout/onepage/success/</msg>
<status status="PASS" starttime="20240128 16:54:17.734" endtime="20240128 16:54:17.999"/>
</kw>
<kw name="Should Be Equal" library="BuiltIn">
<arg>${currenturl}</arg>
<arg>${url}</arg>
<doc>Fails if the given objects are unequal.</doc>
<status status="PASS" starttime="20240128 16:54:17.999" endtime="20240128 16:54:18.000"/>
</kw>
<status status="PASS" starttime="20240128 16:54:17.733" endtime="20240128 16:54:18.000"/>
</kw>
<kw name="Wait Until Page Contains" library="SeleniumLibrary">
<arg>${CheckoutSuccessPage4Title}</arg>
<doc>Waits until ``text`` appears on the current page.</doc>
<status status="PASS" starttime="20240128 16:54:18.000" endtime="20240128 16:54:18.227"/>
</kw>
<status status="PASS" starttime="20240128 16:54:17.732" endtime="20240128 16:54:18.227"/>
</kw>
<tag>Checkout</tag>
<tag>Smoke</tag>
<status status="PASS" starttime="20240128 16:54:01.357" endtime="20240128 16:54:18.227"/>
</test>
<test id="s1-t4" name="Step 4: Many Products" line="48">
<kw name="Go To" library="SeleniumLibrary">
<arg>${MainUrl}</arg>
<doc>Navigates the current browser window to the provided ``url``.</doc>
<msg timestamp="20240128 16:54:18.231" level="INFO">Opening url 'https://signals:12wDj5SonltD@signals.forge.smile.fr/'</msg>
<status status="PASS" starttime="20240128 16:54:18.230" endtime="20240128 16:54:19.210"/>
</kw>
<kw name="Add products to the cart from HP1" library="ScenarioVolFesApp">
<kw name="Open product1" library="HP">
<kw name="Click Image" library="SeleniumLibrary">
<arg>${PDPFromHP1}</arg>
<doc>Clicks an image identified by ``locator``.</doc>
<msg timestamp="20240128 16:54:19.212" level="INFO">Clicking image '//div[@class="block-content content"]//img[@alt="Kit Enrouleur + support + récepteur Signals EasyExtend®"]'.</msg>
<status status="PASS" starttime="20240128 16:54:19.211" endtime="20240128 16:54:20.640"/>
</kw>
<status status="PASS" starttime="20240128 16:54:19.211" endtime="20240128 16:54:20.640"/>
</kw>
<kw name="Add to cart" library="PDP">
<kw name="Click Button" library="SeleniumLibrary">
<arg>${AddToCartButtonOnPdp}</arg>
<doc>Clicks the button identified by ``locator``.</doc>
<msg timestamp="20240128 16:54:20.641" level="INFO">Clicking button '//button[@id="product-addtocart-button"]'.</msg>
<status status="PASS" starttime="20240128 16:54:20.640" endtime="20240128 16:54:21.781"/>
</kw>
<kw name="Go To" library="SeleniumLibrary">
<arg>${MainUrl}</arg>
<doc>Navigates the current browser window to the provided ``url``.</doc>
<msg timestamp="20240128 16:54:21.781" level="INFO">Opening url 'https://signals:12wDj5SonltD@signals.forge.smile.fr/'</msg>
<status status="PASS" starttime="20240128 16:54:21.781" endtime="20240128 16:54:22.826"/>
</kw>
<status status="PASS" starttime="20240128 16:54:20.640" endtime="20240128 16:54:22.826"/>
</kw>
<status status="PASS" starttime="20240128 16:54:19.210" endtime="20240128 16:54:22.826"/>
</kw>
<kw name="Add products to the cart from HP2" library="ScenarioVolFesApp">
<kw name="Open product2" library="HP">
<kw name="Click Image" library="SeleniumLibrary">
<arg>${PDPFromHP2}</arg>
<doc>Clicks an image identified by ``locator``.</doc>
<msg timestamp="20240128 16:54:22.828" level="INFO">Clicking image '//div[@class="block-content content"]//img[@alt="Enrobé Résine Haute Performance 25 kg"]'.</msg>
<status status="PASS" starttime="20240128 16:54:22.828" endtime="20240128 16:54:24.263"/>
</kw>
<status status="PASS" starttime="20240128 16:54:22.826" endtime="20240128 16:54:24.263"/>
</kw>
<kw name="Add to cart" library="PDP">
<kw name="Click Button" library="SeleniumLibrary">
<arg>${AddToCartButtonOnPdp}</arg>
<doc>Clicks the button identified by ``locator``.</doc>
<msg timestamp="20240128 16:54:24.263" level="INFO">Clicking button '//button[@id="product-addtocart-button"]'.</msg>
<status status="PASS" starttime="20240128 16:54:24.263" endtime="20240128 16:54:25.386"/>
</kw>
<kw name="Go To" library="SeleniumLibrary">
<arg>${MainUrl}</arg>
<doc>Navigates the current browser window to the provided ``url``.</doc>
<msg timestamp="20240128 16:54:25.387" level="INFO">Opening url 'https://signals:12wDj5SonltD@signals.forge.smile.fr/'</msg>
<status status="PASS" starttime="20240128 16:54:25.386" endtime="20240128 16:54:26.364"/>
</kw>
<status status="PASS" starttime="20240128 16:54:24.263" endtime="20240128 16:54:26.364"/>
</kw>
<status status="PASS" starttime="20240128 16:54:22.826" endtime="20240128 16:54:26.364"/>
</kw>
<tag>Products</tag>
<tag>Smoke</tag>
<status status="PASS" starttime="20240128 16:54:18.229" endtime="20240128 16:54:26.365"/>
</test>
<kw name="Delete All From Cart" library="Cart" type="TEARDOWN">
<arg>${TrashIcon}</arg>
<kw name="Go To" library="SeleniumLibrary">
<arg>https://signals.forge.smile.fr/checkout/cart/</arg>
<doc>Navigates the current browser window to the provided ``url``.</doc>
<msg timestamp="20240128 16:54:26.368" level="INFO">Opening url 'https://signals.forge.smile.fr/checkout/cart/'</msg>
<status status="PASS" starttime="20240128 16:54:26.368" endtime="20240128 16:54:27.619"/>
</kw>
<kw name="Get Element Count" library="SeleniumLibrary">
<var>${result}</var>
<arg>${TrashIcon}</arg>
<doc>Returns the number of elements matching ``locator``.</doc>
<msg timestamp="20240128 16:54:27.834" level="INFO">${result} = 2</msg>
<status status="PASS" starttime="20240128 16:54:27.619" endtime="20240128 16:54:27.834"/>
</kw>
<for flavor="IN">
<var>${i}</var>
<value>RANGE</value>
<value>${result}</value>
<iter>
<var name="${i}">RANGE</var>
<kw name="Run Keyword If" library="BuiltIn">
<arg>${result} &gt; 0</arg>
<arg>Delete One Product</arg>
<doc>Runs the given keyword with the given arguments, if ``condition`` is true.</doc>
<kw name="Delete One Product" library="Cart">
<kw name="Click Link" library="SeleniumLibrary">
<arg>${TrashIcon}</arg>
<doc>Clicks a link identified by ``locator``.</doc>
<msg timestamp="20240128 16:54:27.835" level="INFO">Clicking link '//div[@class='cart-container']//a[@title='Supprimer l’élément']'.</msg>
<status status="PASS" starttime="20240128 16:54:27.835" endtime="20240128 16:54:29.756"/>
</kw>
<status status="PASS" starttime="20240128 16:54:27.835" endtime="20240128 16:54:29.756"/>
</kw>
<status status="PASS" starttime="20240128 16:54:27.834" endtime="20240128 16:54:29.756"/>
</kw>
<status status="PASS" starttime="20240128 16:54:27.834" endtime="20240128 16:54:29.756"/>
</iter>
<iter>
<var name="${i}">2</var>
<kw name="Run Keyword If" library="BuiltIn">
<arg>${result} &gt; 0</arg>
<arg>Delete One Product</arg>
<doc>Runs the given keyword with the given arguments, if ``condition`` is true.</doc>
<kw name="Delete One Product" library="Cart">
<kw name="Click Link" library="SeleniumLibrary">
<arg>${TrashIcon}</arg>
<doc>Clicks a link identified by ``locator``.</doc>
<msg timestamp="20240128 16:54:29.757" level="INFO">Clicking link '//div[@class='cart-container']//a[@title='Supprimer l’élément']'.</msg>
<status status="PASS" starttime="20240128 16:54:29.757" endtime="20240128 16:54:31.443"/>
</kw>
<status status="PASS" starttime="20240128 16:54:29.756" endtime="20240128 16:54:31.443"/>
</kw>
<status status="PASS" starttime="20240128 16:54:29.756" endtime="20240128 16:54:31.443"/>
</kw>
<status status="PASS" starttime="20240128 16:54:29.756" endtime="20240128 16:54:31.443"/>
</iter>
<status status="PASS" starttime="20240128 16:54:27.834" endtime="20240128 16:54:31.443"/>
</for>
<status status="PASS" starttime="20240128 16:54:26.368" endtime="20240128 16:54:31.443"/>
</kw>
<doc>End2End test cases</doc>
<status status="PASS" starttime="20240128 16:53:31.176" endtime="20240128 16:54:31.443"/>
</suite>
<statistics>
<total>
<stat pass="4" fail="0" skip="0">All Tests</stat>
</total>
<tag>
<stat pass="1" fail="0" skip="0">Checkout</stat>
<stat pass="1" fail="0" skip="0">Login</stat>
<stat pass="1" fail="0" skip="0">Product</stat>
<stat pass="1" fail="0" skip="0">Products</stat>
<stat pass="4" fail="0" skip="0">Smoke</stat>
</tag>
<suite>
<stat pass="4" fail="0" skip="0" id="s1" name="Scenariovolfes1">Scenariovolfes1</stat>
</suite>
</statistics>
<errors>
<msg timestamp="20240128 16:53:31.630" level="ERROR">Error in file 'C:\Users\admin\PycharmProjects\pythonProject2\Resources\ScenarioVolFesApp.robot' on line 13: Resource file '..\Common.robot' does not exist.</msg>
</errors>
</robot>
